android/app/build/outputs/logs/manifest-merger-debug-report.txt
-- Merging decision tree log ---
manifest
ADDED from src/main/AndroidManifest.xml:1:1-56:12
	package
		ADDED from src/main/AndroidManifest.xml:2:5-27
		INJECTED from src/main/AndroidManifest.xml
		INJECTED from src/main/AndroidManifest.xml
	android:versionName
		ADDED from src/main/AndroidManifest.xml:4:5-30
		INJECTED from src/main/AndroidManifest.xml
		INJECTED from src/main/AndroidManifest.xml
	android:versionCode
		ADDED from src/main/AndroidManifest.xml:3:5-28
		INJECTED from src/main/AndroidManifest.xml
		INJECTED from src/main/AndroidManifest.xml
	xmlns:android
		ADDED from src/main/AndroidManifest.xml:1:11-69
uses-permission#android.permission.INTERNET
ADDED from src/main/AndroidManifest.xml:6:5-67
MERGED from [com.google.firebase:firebase-analytics:11.8.0] AndroidManifest.xml:23:5-67
MERGED from [com.google.firebase:firebase-analytics-impl:11.8.0] AndroidManifest.xml:23:5-67
MERGED from [com.google.firebase:firebase-iid:11.8.0] AndroidManifest.xml:23:5-67
	android:name
		ADDED from src/main/AndroidManifest.xml:6:22-64
uses-permission#android.permission.SYSTEM_ALERT_WINDOW
ADDED from src/main/AndroidManifest.xml:7:5-77
MERGED from [com.facebook.react:react-native:0.50.3] AndroidManifest.xml:11:5-78
	android:name
		ADDED from src/main/AndroidManifest.xml:7:22-75
uses-sdk
ADDED from src/main/AndroidManifest.xml:9:5-11:41
MERGED from [mysnsapp:aws-amplify-react-native:unspecified] AndroidManifest.xml:7:5-9:41
MERGED from [com.google.firebase:firebase-messaging:11.8.0] AndroidManifest.xml:20:5-44
MERGED from [com.google.firebase:firebase-messaging-license:11.8.0] AndroidManifest.xml:4:5-43
MERGED from [com.firebase:firebase-jobdispatcher:0.6.0] AndroidManifest.xml:22:5-24:41
MERGED from [com.amazonaws:aws-android-sdk-auth-core:2.6.13] AndroidManifest.xml:4:1-69
MERGED from [com.amazonaws:aws-android-sdk-mobile-client:2.6.13] AndroidManifest.xml:4:5-73
MERGED from [com.facebook.react:react-native:0.50.3] AndroidManifest.xml:7:5-9:41
MERGED from [com.android.support:appcompat-v7:23.0.1] AndroidManifest.xml:20:5-43
MERGED from [com.facebook.fbui.textlayoutbuilder:textlayoutbuilder:1.0.0] AndroidManifest.xml:14:5-16:41
MERGED from [com.facebook.fresco:fresco:1.3.0] AndroidManifest.xml:5:5-7:41
MERGED from [com.facebook.fresco:drawee:1.3.0] AndroidManifest.xml:5:5-7:41
MERGED from [com.facebook.fresco:imagepipeline-okhttp3:1.3.0] AndroidManifest.xml:5:5-7:41
MERGED from [com.facebook.fresco:imagepipeline:1.3.0] AndroidManifest.xml:5:5-7:41
MERGED from [com.facebook.fresco:imagepipeline-base:1.3.0] AndroidManifest.xml:5:5-7:41
MERGED from [com.facebook.fresco:fbcore:1.3.0] AndroidManifest.xml:5:5-7:41
MERGED from [com.facebook.soloader:soloader:0.1.0] AndroidManifest.xml:2:3-70
MERGED from [com.google.firebase:firebase-core:11.8.0] AndroidManifest.xml:4:5-43
MERGED from [com.google.firebase:firebase-analytics:11.8.0] AndroidManifest.xml:20:5-44
MERGED from [com.google.firebase:firebase-analytics-impl:11.8.0] AndroidManifest.xml:20:5-44
MERGED from [com.google.firebase:firebase-iid:11.8.0] AndroidManifest.xml:20:5-44
MERGED from [com.google.firebase:firebase-iid-license:11.8.0] AndroidManifest.xml:4:5-43
MERGED from [com.google.firebase:firebase-common:11.8.0] AndroidManifest.xml:5:5-44
MERGED from [com.google.firebase:firebase-common-license:11.8.0] AndroidManifest.xml:4:5-43
MERGED from [com.google.android.gms:play-services-tasks:11.8.0] AndroidManifest.xml:5:5-44
MERGED from [com.google.android.gms:play-services-basement:11.8.0] AndroidManifest.xml:20:5-44
MERGED from [com.android.support:support-v4:25.2.0] AndroidManifest.xml:21:5-23:54
MERGED from [com.android.support:support-fragment:25.2.0] AndroidManifest.xml:21:5-23:60
MERGED from [com.android.support:support-media-compat:25.2.0] AndroidManifest.xml:21:5-23:63
MERGED from [com.android.support:support-core-ui:25.2.0] AndroidManifest.xml:21:5-23:58
MERGED from [com.android.support:support-core-utils:25.2.0] AndroidManifest.xml:21:5-23:61
MERGED from [com.android.support:support-compat:25.2.0] AndroidManifest.xml:21:5-23:58
MERGED from [com.google.android.gms:play-services-basement-license:11.8.0] AndroidManifest.xml:4:5-43
MERGED from [com.google.android.gms:play-services-tasks-license:11.8.0] AndroidManifest.xml:4:5-43
MERGED from [com.google.firebase:firebase-analytics-impl-license:11.8.0] AndroidManifest.xml:4:5-43
MERGED from [com.google.firebase:firebase-analytics-license:11.8.0] AndroidManifest.xml:4:5-43
	tools:overrideLibrary
		ADDED from [com.android.support:support-v4:25.2.0] AndroidManifest.xml:23:9-51
	android:targetSdkVersion
		ADDED from src/main/AndroidManifest.xml:11:9-38
		INJECTED from src/main/AndroidManifest.xml
		INJECTED from src/main/AndroidManifest.xml
	android:minSdkVersion
		ADDED from src/main/AndroidManifest.xml:10:9-35
		INJECTED from src/main/AndroidManifest.xml
		INJECTED from src/main/AndroidManifest.xml
application
ADDED from src/main/AndroidManifest.xml:13:5-54:19
MERGED from [com.google.firebase:firebase-messaging:11.8.0] AndroidManifest.xml:22:5-35:19
MERGED from [com.google.firebase:firebase-messaging-license:11.8.0] AndroidManifest.xml:5:5-20
MERGED from [com.firebase:firebase-jobdispatcher:0.6.0] AndroidManifest.xml:26:5-40:19
MERGED from [com.facebook.react:react-native:0.50.3] AndroidManifest.xml:13:5-20
MERGED from [com.android.support:appcompat-v7:23.0.1] AndroidManifest.xml:22:5-20
MERGED from [com.facebook.soloader:soloader:0.1.0] AndroidManifest.xml:3:3-17
MERGED from [org.webkit:android-jsc:r174650] AndroidManifest.xml:2:3-17
MERGED from [com.google.firebase:firebase-core:11.8.0] AndroidManifest.xml:5:5-20
MERGED from [com.google.firebase:firebase-analytics:11.8.0] AndroidManifest.xml:27:5-52:19
MERGED from [com.google.firebase:firebase-analytics-impl:11.8.0] AndroidManifest.xml:27:5-38:19
MERGED from [com.google.firebase:firebase-iid:11.8.0] AndroidManifest.xml:34:5-57:19
MERGED from [com.google.firebase:firebase-iid-license:11.8.0] AndroidManifest.xml:5:5-20
MERGED from [com.google.firebase:firebase-common:11.8.0] AndroidManifest.xml:7:5-13:19
MERGED from [com.google.firebase:firebase-common-license:11.8.0] AndroidManifest.xml:5:5-20
MERGED from [com.google.android.gms:play-services-tasks:11.8.0] AndroidManifest.xml:7:5-20
MERGED from [com.google.android.gms:play-services-basement:11.8.0] AndroidManifest.xml:22:5-26:19
MERGED from [com.android.support:support-v4:25.2.0] AndroidManifest.xml:25:5-20
MERGED from [com.android.support:support-fragment:25.2.0] AndroidManifest.xml:25:5-20
MERGED from [com.android.support:support-media-compat:25.2.0] AndroidManifest.xml:25:5-20
MERGED from [com.android.support:support-core-ui:25.2.0] AndroidManifest.xml:25:5-20
MERGED from [com.android.support:support-core-utils:25.2.0] AndroidManifest.xml:25:5-20
MERGED from [com.android.support:support-compat:25.2.0] AndroidManifest.xml:25:5-20
MERGED from [com.google.android.gms:play-services-basement-license:11.8.0] AndroidManifest.xml:5:5-20
MERGED from [com.google.android.gms:play-services-tasks-license:11.8.0] AndroidManifest.xml:5:5-20
MERGED from [com.google.firebase:firebase-analytics-impl-license:11.8.0] AndroidManifest.xml:5:5-20
MERGED from [com.google.firebase:firebase-analytics-license:11.8.0] AndroidManifest.xml:5:5-20
	android:label
		ADDED from src/main/AndroidManifest.xml:16:7-39
	android:allowBackup
		ADDED from src/main/AndroidManifest.xml:15:7-33
	android:icon
		ADDED from src/main/AndroidManifest.xml:17:7-41
	android:theme
		ADDED from src/main/AndroidManifest.xml:18:7-38
	android:name
		ADDED from src/main/AndroidManifest.xml:14:7-38
activity#com.mysnsapp.MainActivity
ADDED from src/main/AndroidManifest.xml:19:7-28:18
	android:label
		ADDED from src/main/AndroidManifest.xml:21:9-41
	android:windowSoftInputMode
		ADDED from src/main/AndroidManifest.xml:23:9-51
	android:configChanges
		ADDED from src/main/AndroidManifest.xml:22:9-79
	android:name
		ADDED from src/main/AndroidManifest.xml:20:9-37
intent-filter#android.intent.action.MAIN+android.intent.category.LAUNCHER
ADDED from src/main/AndroidManifest.xml:24:9-27:25
action#android.intent.action.MAIN
ADDED from src/main/AndroidManifest.xml:25:13-65
	android:name
		ADDED from src/main/AndroidManifest.xml:25:21-62
category#android.intent.category.LAUNCHER
ADDED from src/main/AndroidManifest.xml:26:13-73
	android:name
		ADDED from src/main/AndroidManifest.xml:26:23-70
activity#com.facebook.react.devsupport.DevSettingsActivity
ADDED from src/main/AndroidManifest.xml:29:7-84
	android:name
		ADDED from src/main/AndroidManifest.xml:29:17-81
service#com.amazonaws.amplify.pushnotification.MyFirebaseMessagingService
ADDED from src/main/AndroidManifest.xml:32:9-37:19
	android:name
		ADDED from src/main/AndroidManifest.xml:33:13-93
intent-filter#com.google.firebase.MESSAGING_EVENT
ADDED from src/main/AndroidManifest.xml:34:13-36:29
action#com.google.firebase.MESSAGING_EVENT
ADDED from src/main/AndroidManifest.xml:35:17-77
	android:name
		ADDED from src/main/AndroidManifest.xml:35:25-75
service#com.amazonaws.amplify.pushnotification.MyFirebaseInstanceIDService
ADDED from src/main/AndroidManifest.xml:40:9-45:19
	android:name
		ADDED from src/main/AndroidManifest.xml:41:13-94
intent-filter#com.google.firebase.INSTANCE_ID_EVENT
ADDED from src/main/AndroidManifest.xml:42:13-44:29
action#com.google.firebase.INSTANCE_ID_EVENT
ADDED from src/main/AndroidManifest.xml:43:17-79
	android:name
		ADDED from src/main/AndroidManifest.xml:43:25-77
receiver#com.amazonaws.mobileconnectors.pinpoint.targeting.notification.PinpointNotificationReceiver
ADDED from src/main/AndroidManifest.xml:47:9-53:20
	android:exported
		ADDED from src/main/AndroidManifest.xml:49:13-37
	android:name
		ADDED from src/main/AndroidManifest.xml:48:13-119
intent-filter#com.amazonaws.intent.fcm.NOTIFICATION_OPEN
ADDED from src/main/AndroidManifest.xml:50:13-52:29
action#com.amazonaws.intent.fcm.NOTIFICATION_OPEN
ADDED from src/main/AndroidManifest.xml:51:17-85
	android:name
		ADDED from src/main/AndroidManifest.xml:51:25-82
service#com.google.firebase.messaging.FirebaseMessagingService
ADDED from [com.google.firebase:firebase-messaging:11.8.0] AndroidManifest.xml:28:9-34:19
	android:exported
		ADDED from [com.google.firebase:firebase-messaging:11.8.0] AndroidManifest.xml:30:13-36
	android:name
		ADDED from [com.google.firebase:firebase-messaging:11.8.0] AndroidManifest.xml:29:13-82
service#com.firebase.jobdispatcher.GooglePlayReceiver
ADDED from [com.firebase:firebase-jobdispatcher:0.6.0] AndroidManifest.xml:32:9-39:19
	android:exported
		ADDED from [com.firebase:firebase-jobdispatcher:0.6.0] AndroidManifest.xml:34:13-36
	android:permission
		ADDED from [com.firebase:firebase-jobdispatcher:0.6.0] AndroidManifest.xml:35:13-93
	android:name
		ADDED from [com.firebase:firebase-jobdispatcher:0.6.0] AndroidManifest.xml:33:13-73
intent-filter#com.google.android.gms.gcm.ACTION_TASK_READY
ADDED from [com.firebase:firebase-jobdispatcher:0.6.0] AndroidManifest.xml:36:13-38:29
action#com.google.android.gms.gcm.ACTION_TASK_READY
ADDED from [com.firebase:firebase-jobdispatcher:0.6.0] AndroidManifest.xml:37:17-87
	android:name
		ADDED from [com.firebase:firebase-jobdispatcher:0.6.0] AndroidManifest.xml:37:25-84
android:uses-permission#android.permission.WRITE_EXTERNAL_STORAGE
IMPLIED from src/main/AndroidManifest.xml:1:1-56:12 reason: org.webkit.android_jsc has a targetSdkVersion < 4
android:uses-permission#android.permission.READ_PHONE_STATE
IMPLIED from src/main/AndroidManifest.xml:1:1-56:12 reason: org.webkit.android_jsc has a targetSdkVersion < 4
android:uses-permission#android.permission.READ_EXTERNAL_STORAGE
IMPLIED from src/main/AndroidManifest.xml:1:1-56:12 reason: org.webkit.android_jsc requested WRITE_EXTERNAL_STORAGE
uses-permission#android.permission.ACCESS_NETWORK_STATE
ADDED from [com.google.firebase:firebase-analytics:11.8.0] AndroidManifest.xml:24:5-79
MERGED from [com.google.firebase:firebase-analytics-impl:11.8.0] AndroidManifest.xml:24:5-79
MERGED from [com.google.firebase:firebase-iid:11.8.0] AndroidManifest.xml:22:5-79
	android:name
		ADDED from [com.google.firebase:firebase-analytics:11.8.0] AndroidManifest.xml:24:22-76
uses-permission#android.permission.WAKE_LOCK
ADDED from [com.google.firebase:firebase-analytics:11.8.0] AndroidManifest.xml:25:5-68
MERGED from [com.google.firebase:firebase-analytics-impl:11.8.0] AndroidManifest.xml:25:5-68
MERGED from [com.google.firebase:firebase-iid:11.8.0] AndroidManifest.xml:24:5-68
	android:name
		ADDED from [com.google.firebase:firebase-analytics:11.8.0] AndroidManifest.xml:25:22-65
receiver#com.google.android.gms.measurement.AppMeasurementReceiver
ADDED from [com.google.firebase:firebase-analytics:11.8.0] AndroidManifest.xml:28:9-32:20
MERGED from [com.google.firebase:firebase-analytics-impl:11.8.0] AndroidManifest.xml:28:9-32:20
	android:enabled
		ADDED from [com.google.firebase:firebase-analytics:11.8.0] AndroidManifest.xml:30:13-35
	android:exported
		ADDED from [com.google.firebase:firebase-analytics:11.8.0] AndroidManifest.xml:31:13-37
	android:name
		ADDED from [com.google.firebase:firebase-analytics:11.8.0] AndroidManifest.xml:29:13-85
receiver#com.google.android.gms.measurement.AppMeasurementInstallReferrerReceiver
ADDED from [com.google.firebase:firebase-analytics:11.8.0] AndroidManifest.xml:33:9-41:20
	android:enabled
		ADDED from [com.google.firebase:firebase-analytics:11.8.0] AndroidManifest.xml:35:13-35
	android:exported
		ADDED from [com.google.firebase:firebase-analytics:11.8.0] AndroidManifest.xml:36:13-36
	android:permission
		ADDED from [com.google.firebase:firebase-analytics:11.8.0] AndroidManifest.xml:37:13-69
	android:name
		ADDED from [com.google.firebase:firebase-analytics:11.8.0] AndroidManifest.xml:34:13-100
intent-filter#com.android.vending.INSTALL_REFERRER
ADDED from [com.google.firebase:firebase-analytics:11.8.0] AndroidManifest.xml:38:13-40:29
action#com.android.vending.INSTALL_REFERRER
ADDED from [com.google.firebase:firebase-analytics:11.8.0] AndroidManifest.xml:39:17-79
	android:name
		ADDED from [com.google.firebase:firebase-analytics:11.8.0] AndroidManifest.xml:39:25-76
service#com.google.android.gms.measurement.AppMeasurementService
ADDED from [com.google.firebase:firebase-analytics:11.8.0] AndroidManifest.xml:43:9-46:40
MERGED from [com.google.firebase:firebase-analytics-impl:11.8.0] AndroidManifest.xml:34:9-37:40
	android:enabled
		ADDED from [com.google.firebase:firebase-analytics:11.8.0] AndroidManifest.xml:45:13-35
	android:exported
		ADDED from [com.google.firebase:firebase-analytics:11.8.0] AndroidManifest.xml:46:13-37
	android:name
		ADDED from [com.google.firebase:firebase-analytics:11.8.0] AndroidManifest.xml:44:13-84
service#com.google.android.gms.measurement.AppMeasurementJobService
ADDED from [com.google.firebase:firebase-analytics:11.8.0] AndroidManifest.xml:47:9-51:72
	android:enabled
		ADDED from [com.google.firebase:firebase-analytics:11.8.0] AndroidManifest.xml:49:13-35
	android:exported
		ADDED from [com.google.firebase:firebase-analytics:11.8.0] AndroidManifest.xml:50:13-37
	android:permission
		ADDED from [com.google.firebase:firebase-analytics:11.8.0] AndroidManifest.xml:51:13-69
	android:name
		ADDED from [com.google.firebase:firebase-analytics:11.8.0] AndroidManifest.xml:48:13-87
uses-permission#com.google.android.c2dm.permission.RECEIVE
ADDED from [com.google.firebase:firebase-iid:11.8.0] AndroidManifest.xml:26:5-82
	android:name
		ADDED from [com.google.firebase:firebase-iid:11.8.0] AndroidManifest.xml:26:22-79
permission#${applicationId}.permission.C2D_MESSAGE
ADDED from [com.google.firebase:firebase-iid:11.8.0] AndroidManifest.xml:28:5-30:47
	android:protectionLevel
		ADDED from [com.google.firebase:firebase-iid:11.8.0] AndroidManifest.xml:30:9-44
	android:name
		ADDED from [com.google.firebase:firebase-iid:11.8.0] AndroidManifest.xml:29:9-63
uses-permission#${applicationId}.permission.C2D_MESSAGE
ADDED from [com.google.firebase:firebase-iid:11.8.0] AndroidManifest.xml:32:5-79
	android:name
		ADDED from [com.google.firebase:firebase-iid:11.8.0] AndroidManifest.xml:32:22-76
receiver#com.google.firebase.iid.FirebaseInstanceIdReceiver
ADDED from [com.google.firebase:firebase-iid:11.8.0] AndroidManifest.xml:35:9-44:20
	android:exported
		ADDED from [com.google.firebase:firebase-iid:11.8.0] AndroidManifest.xml:37:13-36
	android:permission
		ADDED from [com.google.firebase:firebase-iid:11.8.0] AndroidManifest.xml:38:13-73
	android:name
		ADDED from [com.google.firebase:firebase-iid:11.8.0] AndroidManifest.xml:36:13-78
intent-filter#${applicationId}+com.google.android.c2dm.intent.RECEIVE
ADDED from [com.google.firebase:firebase-iid:11.8.0] AndroidManifest.xml:39:13-43:29
action#com.google.android.c2dm.intent.RECEIVE
ADDED from [com.google.firebase:firebase-iid:11.8.0] AndroidManifest.xml:40:17-81
	android:name
		ADDED from [com.google.firebase:firebase-iid:11.8.0] AndroidManifest.xml:40:25-78
category#${applicationId}
ADDED from [com.google.firebase:firebase-iid:11.8.0] AndroidManifest.xml:42:17-61
	android:name
		ADDED from [com.google.firebase:firebase-iid:11.8.0] AndroidManifest.xml:42:27-58
service#com.google.firebase.iid.FirebaseInstanceIdService
ADDED from [com.google.firebase:firebase-iid:11.8.0] AndroidManifest.xml:50:9-56:19
	android:exported
		ADDED from [com.google.firebase:firebase-iid:11.8.0] AndroidManifest.xml:52:13-36
	android:name
		ADDED from [com.google.firebase:firebase-iid:11.8.0] AndroidManifest.xml:51:13-77
provider#com.google.firebase.provider.FirebaseInitProvider
ADDED from [com.google.firebase:firebase-common:11.8.0] AndroidManifest.xml:8:9-12:39
	android:authorities
		ADDED from [com.google.firebase:firebase-common:11.8.0] AndroidManifest.xml:10:13-72
	android:exported
		ADDED from [com.google.firebase:firebase-common:11.8.0] AndroidManifest.xml:11:13-37
	android:initOrder
		ADDED from [com.google.firebase:firebase-common:11.8.0] AndroidManifest.xml:12:13-36
	android:name
		ADDED from [com.google.firebase:firebase-common:11.8.0] AndroidManifest.xml:9:13-77
meta-data#com.google.android.gms.version
ADDED from [com.google.android.gms:play-services-basement:11.8.0] AndroidManifest.xml:23:9-25:69
	android:value
		ADDED from [com.google.android.gms:play-services-basement:11.8.0] AndroidManifest.xml:25:13-66
	android:name
		ADDED from [com.google.android.gms:play-services-basement:11.8.0] AndroidManifest.xml:24:13-58